<?xml version="1.0" encoding="UTF-8"?>
<testsuite name="com.mike.blackjack.SuitTest" tests="1" skipped="0" failures="0" errors="0" timestamp="2022-06-15T04:56:00" hostname="LAPTOP-HO7HFSBK" time="0.018">
  <properties/>
  <testcase name="heartPrintsHeart()" classname="com.mike.blackjack.SuitTest" time="0.018"/>
  <system-out><![CDATA[]]></system-out>
  <system-err><![CDATA[]]></system-err>
</testsuite>
